INFO: [VRFC 10-2263] Analyzing SystemVerilog file "D:/project/cslab/mips/Mcpu/MiniMIPS_Lite.srcs/sources_1/new/MiniMIPS32_Lite.sv" into library xil_defaultlib
INFO: [VRFC 10-311] analyzing module MiniMIPS32_Lite
INFO: [VRFC 10-2263] Analyzing SystemVerilog file "D:/project/cslab/mips/Mcpu/MiniMIPS_Lite.srcs/sources_1/new/MiniMIPS32_Lite_FullSyS.sv" into library xil_defaultlib
INFO: [VRFC 10-311] analyzing module MiniMIPS32_Lite_FullSyS
INFO: [VRFC 10-2263] Analyzing SystemVerilog file "D:/project/cslab/mips/Mcpu/MiniMIPS_Lite.srcs/sources_1/new/exe_stage.sv" into library xil_defaultlib
INFO: [VRFC 10-311] analyzing module exe_stage
INFO: [VRFC 10-2263] Analyzing SystemVerilog file "D:/project/cslab/mips/Mcpu/MiniMIPS_Lite.srcs/sources_1/new/exemem_reg.sv" into library xil_defaultlib
INFO: [VRFC 10-311] analyzing module exemem_reg
INFO: [VRFC 10-2263] Analyzing SystemVerilog file "D:/project/cslab/mips/Mcpu/MiniMIPS_Lite.srcs/sources_1/new/id_stage.sv" into library xil_defaultlib
INFO: [VRFC 10-311] analyzing module id_stage
INFO: [VRFC 10-2263] Analyzing SystemVerilog file "D:/project/cslab/mips/Mcpu/MiniMIPS_Lite.srcs/sources_1/new/idexe_reg.sv" into library xil_defaultlib
INFO: [VRFC 10-311] analyzing module idexe_reg
INFO: [VRFC 10-2263] Analyzing SystemVerilog file "D:/project/cslab/mips/Mcpu/MiniMIPS_Lite.srcs/sources_1/new/if_stage.sv" into library xil_defaultlib
INFO: [VRFC 10-311] analyzing module if_stage
INFO: [VRFC 10-2263] Analyzing SystemVerilog file "D:/project/cslab/mips/Mcpu/MiniMIPS_Lite.srcs/sources_1/new/ifid_reg.sv" into library xil_defaultlib
INFO: [VRFC 10-311] analyzing module ifid_reg
INFO: [VRFC 10-2263] Analyzing SystemVerilog file "D:/project/cslab/mips/Mcpu/MiniMIPS_Lite.srcs/sources_1/new/mem_stage.sv" into library xil_defaultlib
INFO: [VRFC 10-311] analyzing module mem_stage
INFO: [VRFC 10-2263] Analyzing SystemVerilog file "D:/project/cslab/mips/Mcpu/MiniMIPS_Lite.srcs/sources_1/new/memwb_reg.sv" into library xil_defaultlib
INFO: [VRFC 10-311] analyzing module memwb_reg
INFO: [VRFC 10-2263] Analyzing SystemVerilog file "D:/project/cslab/mips/Mcpu/MiniMIPS_Lite.srcs/sources_1/new/regfile.sv" into library xil_defaultlib
INFO: [VRFC 10-311] analyzing module regfile
INFO: [VRFC 10-2263] Analyzing SystemVerilog file "D:/project/cslab/mips/Mcpu/MiniMIPS_Lite.srcs/sources_1/new/wb_stage.sv" into library xil_defaultlib
INFO: [VRFC 10-311] analyzing module wb_stage
INFO: [VRFC 10-2263] Analyzing SystemVerilog file "D:/project/cslab/mips/Mcpu/MiniMIPS_Lite.srcs/sim_1/new/tb_MiniMIPS32_Lite_FullSyS.sv" into library xil_defaultlib
INFO: [VRFC 10-311] analyzing module tb_MiniMIPS32_Lite_FullSyS
